This file contains any messages produced by compilers while
running configure, to aid debugging if configure makes a mistake.

It was created by RFClient configure 0.1 (9d156f8), which was
generated by GNU Autoconf 2.69.  Invocation command line was

  $ ./configure --with-ipc=mongo --enable-silent-rules --silent

## --------- ##
## Platform. ##
## --------- ##

hostname = yannb-vm-frr
uname -m = x86_64
uname -r = 3.19.0-80-generic
uname -s = Linux
uname -v = #88~14.04.1-Ubuntu SMP Fri Jan 13 14:54:07 UTC 2017

/usr/bin/uname -p = unknown
/bin/uname -X     = unknown

/bin/arch              = unknown
/usr/bin/arch -k       = unknown
/usr/convex/getsysinfo = unknown
/usr/bin/hostinfo      = unknown
/bin/machine           = unknown
/usr/bin/oslevel       = unknown
/bin/universe          = unknown

PATH: /usr/local/sbin
PATH: /usr/local/bin
PATH: /usr/sbin
PATH: /usr/bin
PATH: /sbin
PATH: /bin
PATH: /usr/games
PATH: /usr/local/games


## ----------- ##
## Core tests. ##
## ----------- ##

configure:2332: checking for gcc
configure:2348: found /usr/bin/gcc
configure:2359: result: gcc
configure:2588: checking for C compiler version
configure:2597: gcc --version >&5
gcc (Ubuntu 4.8.4-2ubuntu1~14.04.3) 4.8.4
Copyright (C) 2013 Free Software Foundation, Inc.
This is free software; see the source for copying conditions.  There is NO
warranty; not even for MERCHANTABILITY or FITNESS FOR A PARTICULAR PURPOSE.

configure:2608: $? = 0
configure:2597: gcc -v >&5
Using built-in specs.
COLLECT_GCC=gcc
COLLECT_LTO_WRAPPER=/usr/lib/gcc/x86_64-linux-gnu/4.8/lto-wrapper
Target: x86_64-linux-gnu
Configured with: ../src/configure -v --with-pkgversion='Ubuntu 4.8.4-2ubuntu1~14.04.3' --with-bugurl=file:///usr/share/doc/gcc-4.8/README.Bugs --enable-languages=c,c++,java,go,d,fortran,objc,obj-c++ --prefix=/usr --program-suffix=-4.8 --enable-shared --enable-linker-build-id --libexecdir=/usr/lib --without-included-gettext --enable-threads=posix --with-gxx-include-dir=/usr/include/c++/4.8 --libdir=/usr/lib --enable-nls --with-sysroot=/ --enable-clocale=gnu --enable-libstdcxx-debug --enable-libstdcxx-time=yes --enable-gnu-unique-object --disable-libmudflap --enable-plugin --with-system-zlib --disable-browser-plugin --enable-java-awt=gtk --enable-gtk-cairo --with-java-home=/usr/lib/jvm/java-1.5.0-gcj-4.8-amd64/jre --enable-java-home --with-jvm-root-dir=/usr/lib/jvm/java-1.5.0-gcj-4.8-amd64 --with-jvm-jar-dir=/usr/lib/jvm-exports/java-1.5.0-gcj-4.8-amd64 --with-arch-directory=amd64 --with-ecj-jar=/usr/share/java/eclipse-ecj.jar --enable-objc-gc --enable-multiarch --disable-werror --with-arch-32=i686 --with-abi=m64 --with-multilib-list=m32,m64,mx32 --with-tune=generic --enable-checking=release --build=x86_64-linux-gnu --host=x86_64-linux-gnu --target=x86_64-linux-gnu
Thread model: posix
gcc version 4.8.4 (Ubuntu 4.8.4-2ubuntu1~14.04.3) 
configure:2608: $? = 0
configure:2597: gcc -V >&5
gcc: error: unrecognized command line option '-V'
gcc: fatal error: no input files
compilation terminated.
configure:2608: $? = 4
configure:2597: gcc -qversion >&5
gcc: error: unrecognized command line option '-qversion'
gcc: fatal error: no input files
compilation terminated.
configure:2608: $? = 4
configure:2628: checking whether the C compiler works
configure:2650: gcc    conftest.c  >&5
configure:2654: $? = 0
configure:2702: result: yes
configure:2705: checking for C compiler default output file name
configure:2707: result: a.out
configure:2713: checking for suffix of executables
configure:2720: gcc -o conftest    conftest.c  >&5
configure:2724: $? = 0
configure:2746: result: 
configure:2768: checking whether we are cross compiling
configure:2776: gcc -o conftest    conftest.c  >&5
configure:2780: $? = 0
configure:2787: ./conftest
configure:2791: $? = 0
configure:2806: result: no
configure:2811: checking for suffix of object files
configure:2833: gcc -c   conftest.c >&5
configure:2837: $? = 0
configure:2858: result: o
configure:2862: checking whether we are using the GNU C compiler
configure:2881: gcc -c   conftest.c >&5
configure:2881: $? = 0
configure:2890: result: yes
configure:2899: checking whether gcc accepts -g
configure:2919: gcc -c -g  conftest.c >&5
configure:2919: $? = 0
configure:2960: result: yes
configure:2977: checking for gcc option to accept ISO C89
configure:3040: gcc  -c -g -O2  conftest.c >&5
configure:3040: $? = 0
configure:3053: result: none needed
configure:3081: checking whether gcc understands -c and -o together
configure:3103: gcc -c conftest.c -o conftest2.o
configure:3106: $? = 0
configure:3103: gcc -c conftest.c -o conftest2.o
configure:3106: $? = 0
configure:3118: result: yes
configure:3136: checking whether gcc and cc understand -c and -o together
configure:3167: gcc -c conftest.c -o conftest2.o >&5
configure:3171: $? = 0
configure:3177: gcc -c conftest.c -o conftest2.o >&5
configure:3181: $? = 0
configure:3192: cc -c conftest.c >&5
configure:3196: $? = 0
configure:3204: cc -c conftest.c -o conftest2.o >&5
configure:3208: $? = 0
configure:3214: cc -c conftest.c -o conftest2.o >&5
configure:3218: $? = 0
configure:3236: result: yes
configure:3251: checking how to run the C preprocessor
configure:3282: gcc -E  conftest.c
configure:3282: $? = 0
configure:3296: gcc -E  conftest.c
conftest.c:9:28: fatal error: ac_nonexistent.h: No such file or directory
 #include <ac_nonexistent.h>
                            ^
compilation terminated.
configure:3296: $? = 1
configure: failed program was:
| /* confdefs.h */
| #define PACKAGE_NAME "RFClient"
| #define PACKAGE_TARNAME "rfclient"
| #define PACKAGE_VERSION "0.1 (9d156f8)"
| #define PACKAGE_STRING "RFClient 0.1 (9d156f8)"
| #define PACKAGE_BUGREPORT "routeflow-discuss@googlegroups.com"
| #define PACKAGE_URL "http://routeflow.github.io/RouteFlow/"
| /* end confdefs.h.  */
| #include <ac_nonexistent.h>
configure:3321: result: gcc -E
configure:3341: gcc -E  conftest.c
configure:3341: $? = 0
configure:3355: gcc -E  conftest.c
conftest.c:9:28: fatal error: ac_nonexistent.h: No such file or directory
 #include <ac_nonexistent.h>
                            ^
compilation terminated.
configure:3355: $? = 1
configure: failed program was:
| /* confdefs.h */
| #define PACKAGE_NAME "RFClient"
| #define PACKAGE_TARNAME "rfclient"
| #define PACKAGE_VERSION "0.1 (9d156f8)"
| #define PACKAGE_STRING "RFClient 0.1 (9d156f8)"
| #define PACKAGE_BUGREPORT "routeflow-discuss@googlegroups.com"
| #define PACKAGE_URL "http://routeflow.github.io/RouteFlow/"
| /* end confdefs.h.  */
| #include <ac_nonexistent.h>
configure:3441: checking for g++
configure:3457: found /usr/bin/g++
configure:3468: result: g++
configure:3495: checking for C++ compiler version
configure:3504: g++ --version >&5
g++ (Ubuntu 4.8.4-2ubuntu1~14.04.3) 4.8.4
Copyright (C) 2013 Free Software Foundation, Inc.
This is free software; see the source for copying conditions.  There is NO
warranty; not even for MERCHANTABILITY or FITNESS FOR A PARTICULAR PURPOSE.

configure:3515: $? = 0
configure:3504: g++ -v >&5
Using built-in specs.
COLLECT_GCC=g++
COLLECT_LTO_WRAPPER=/usr/lib/gcc/x86_64-linux-gnu/4.8/lto-wrapper
Target: x86_64-linux-gnu
Configured with: ../src/configure -v --with-pkgversion='Ubuntu 4.8.4-2ubuntu1~14.04.3' --with-bugurl=file:///usr/share/doc/gcc-4.8/README.Bugs --enable-languages=c,c++,java,go,d,fortran,objc,obj-c++ --prefix=/usr --program-suffix=-4.8 --enable-shared --enable-linker-build-id --libexecdir=/usr/lib --without-included-gettext --enable-threads=posix --with-gxx-include-dir=/usr/include/c++/4.8 --libdir=/usr/lib --enable-nls --with-sysroot=/ --enable-clocale=gnu --enable-libstdcxx-debug --enable-libstdcxx-time=yes --enable-gnu-unique-object --disable-libmudflap --enable-plugin --with-system-zlib --disable-browser-plugin --enable-java-awt=gtk --enable-gtk-cairo --with-java-home=/usr/lib/jvm/java-1.5.0-gcj-4.8-amd64/jre --enable-java-home --with-jvm-root-dir=/usr/lib/jvm/java-1.5.0-gcj-4.8-amd64 --with-jvm-jar-dir=/usr/lib/jvm-exports/java-1.5.0-gcj-4.8-amd64 --with-arch-directory=amd64 --with-ecj-jar=/usr/share/java/eclipse-ecj.jar --enable-objc-gc --enable-multiarch --disable-werror --with-arch-32=i686 --with-abi=m64 --with-multilib-list=m32,m64,mx32 --with-tune=generic --enable-checking=release --build=x86_64-linux-gnu --host=x86_64-linux-gnu --target=x86_64-linux-gnu
Thread model: posix
gcc version 4.8.4 (Ubuntu 4.8.4-2ubuntu1~14.04.3) 
configure:3515: $? = 0
configure:3504: g++ -V >&5
g++: error: unrecognized command line option '-V'
g++: fatal error: no input files
compilation terminated.
configure:3515: $? = 4
configure:3504: g++ -qversion >&5
g++: error: unrecognized command line option '-qversion'
g++: fatal error: no input files
compilation terminated.
configure:3515: $? = 4
configure:3519: checking whether we are using the GNU C++ compiler
configure:3538: g++ -c   conftest.cpp >&5
configure:3538: $? = 0
configure:3547: result: yes
configure:3556: checking whether g++ accepts -g
configure:3576: g++ -c -g  conftest.cpp >&5
configure:3576: $? = 0
configure:3617: result: yes
configure:3645: checking how to run the C++ preprocessor
configure:3672: g++ -E  conftest.cpp
configure:3672: $? = 0
configure:3686: g++ -E  conftest.cpp
conftest.cpp:9:28: fatal error: ac_nonexistent.h: No such file or directory
 #include <ac_nonexistent.h>
                            ^
compilation terminated.
configure:3686: $? = 1
configure: failed program was:
| /* confdefs.h */
| #define PACKAGE_NAME "RFClient"
| #define PACKAGE_TARNAME "rfclient"
| #define PACKAGE_VERSION "0.1 (9d156f8)"
| #define PACKAGE_STRING "RFClient 0.1 (9d156f8)"
| #define PACKAGE_BUGREPORT "routeflow-discuss@googlegroups.com"
| #define PACKAGE_URL "http://routeflow.github.io/RouteFlow/"
| /* end confdefs.h.  */
| #include <ac_nonexistent.h>
configure:3711: result: g++ -E
configure:3731: g++ -E  conftest.cpp
configure:3731: $? = 0
configure:3745: g++ -E  conftest.cpp
conftest.cpp:9:28: fatal error: ac_nonexistent.h: No such file or directory
 #include <ac_nonexistent.h>
                            ^
compilation terminated.
configure:3745: $? = 1
configure: failed program was:
| /* confdefs.h */
| #define PACKAGE_NAME "RFClient"
| #define PACKAGE_TARNAME "rfclient"
| #define PACKAGE_VERSION "0.1 (9d156f8)"
| #define PACKAGE_STRING "RFClient 0.1 (9d156f8)"
| #define PACKAGE_BUGREPORT "routeflow-discuss@googlegroups.com"
| #define PACKAGE_URL "http://routeflow.github.io/RouteFlow/"
| /* end confdefs.h.  */
| #include <ac_nonexistent.h>
configure:3885: checking for C++ compiler version
configure:3894: g++ --version >&5
g++ (Ubuntu 4.8.4-2ubuntu1~14.04.3) 4.8.4
Copyright (C) 2013 Free Software Foundation, Inc.
This is free software; see the source for copying conditions.  There is NO
warranty; not even for MERCHANTABILITY or FITNESS FOR A PARTICULAR PURPOSE.

configure:3905: $? = 0
configure:3894: g++ -v >&5
Using built-in specs.
COLLECT_GCC=g++
COLLECT_LTO_WRAPPER=/usr/lib/gcc/x86_64-linux-gnu/4.8/lto-wrapper
Target: x86_64-linux-gnu
Configured with: ../src/configure -v --with-pkgversion='Ubuntu 4.8.4-2ubuntu1~14.04.3' --with-bugurl=file:///usr/share/doc/gcc-4.8/README.Bugs --enable-languages=c,c++,java,go,d,fortran,objc,obj-c++ --prefix=/usr --program-suffix=-4.8 --enable-shared --enable-linker-build-id --libexecdir=/usr/lib --without-included-gettext --enable-threads=posix --with-gxx-include-dir=/usr/include/c++/4.8 --libdir=/usr/lib --enable-nls --with-sysroot=/ --enable-clocale=gnu --enable-libstdcxx-debug --enable-libstdcxx-time=yes --enable-gnu-unique-object --disable-libmudflap --enable-plugin --with-system-zlib --disable-browser-plugin --enable-java-awt=gtk --enable-gtk-cairo --with-java-home=/usr/lib/jvm/java-1.5.0-gcj-4.8-amd64/jre --enable-java-home --with-jvm-root-dir=/usr/lib/jvm/java-1.5.0-gcj-4.8-amd64 --with-jvm-jar-dir=/usr/lib/jvm-exports/java-1.5.0-gcj-4.8-amd64 --with-arch-directory=amd64 --with-ecj-jar=/usr/share/java/eclipse-ecj.jar --enable-objc-gc --enable-multiarch --disable-werror --with-arch-32=i686 --with-abi=m64 --with-multilib-list=m32,m64,mx32 --with-tune=generic --enable-checking=release --build=x86_64-linux-gnu --host=x86_64-linux-gnu --target=x86_64-linux-gnu
Thread model: posix
gcc version 4.8.4 (Ubuntu 4.8.4-2ubuntu1~14.04.3) 
configure:3905: $? = 0
configure:3894: g++ -V >&5
g++: error: unrecognized command line option '-V'
g++: fatal error: no input files
compilation terminated.
configure:3905: $? = 4
configure:3894: g++ -qversion >&5
g++: error: unrecognized command line option '-qversion'
g++: fatal error: no input files
compilation terminated.
configure:3905: $? = 4
configure:3909: checking whether we are using the GNU C++ compiler
configure:3937: result: yes
configure:3946: checking whether g++ accepts -g
configure:4007: result: yes
configure:4073: checking for ranlib
configure:4089: found /usr/bin/ranlib
configure:4100: result: ranlib
configure:4124: checking for grep that handles long lines and -e
configure:4182: result: /bin/grep
configure:4187: checking for egrep
configure:4249: result: /bin/grep -E
configure:4254: checking for ANSI C header files
configure:4274: gcc -c -g -O2  conftest.c >&5
configure:4274: $? = 0
configure:4347: gcc -o conftest -g -O2   conftest.c  >&5
configure:4347: $? = 0
configure:4347: ./conftest
configure:4347: $? = 0
configure:4358: result: yes
configure:4371: checking for sys/types.h
configure:4371: gcc -c -g -O2  conftest.c >&5
configure:4371: $? = 0
configure:4371: result: yes
configure:4371: checking for sys/stat.h
configure:4371: gcc -c -g -O2  conftest.c >&5
configure:4371: $? = 0
configure:4371: result: yes
configure:4371: checking for stdlib.h
configure:4371: gcc -c -g -O2  conftest.c >&5
configure:4371: $? = 0
configure:4371: result: yes
configure:4371: checking for string.h
configure:4371: gcc -c -g -O2  conftest.c >&5
configure:4371: $? = 0
configure:4371: result: yes
configure:4371: checking for memory.h
configure:4371: gcc -c -g -O2  conftest.c >&5
configure:4371: $? = 0
configure:4371: result: yes
configure:4371: checking for strings.h
configure:4371: gcc -c -g -O2  conftest.c >&5
configure:4371: $? = 0
configure:4371: result: yes
configure:4371: checking for inttypes.h
configure:4371: gcc -c -g -O2  conftest.c >&5
configure:4371: $? = 0
configure:4371: result: yes
configure:4371: checking for stdint.h
configure:4371: gcc -c -g -O2  conftest.c >&5
configure:4371: $? = 0
configure:4371: result: yes
configure:4371: checking for unistd.h
configure:4371: gcc -c -g -O2  conftest.c >&5
configure:4371: $? = 0
configure:4371: result: yes
configure:4383: checking whether byte ordering is bigendian
configure:4398: gcc -c -g -O2  conftest.c >&5
conftest.c:20:9: error: unknown type name 'not'
         not a universal capable compiler
         ^
conftest.c:20:15: error: expected '=', ',', ';', 'asm' or '__attribute__' before 'universal'
         not a universal capable compiler
               ^
conftest.c:20:15: error: unknown type name 'universal'
configure:4398: $? = 1
configure: failed program was:
| /* confdefs.h */
| #define PACKAGE_NAME "RFClient"
| #define PACKAGE_TARNAME "rfclient"
| #define PACKAGE_VERSION "0.1 (9d156f8)"
| #define PACKAGE_STRING "RFClient 0.1 (9d156f8)"
| #define PACKAGE_BUGREPORT "routeflow-discuss@googlegroups.com"
| #define PACKAGE_URL "http://routeflow.github.io/RouteFlow/"
| #define STDC_HEADERS 1
| #define HAVE_SYS_TYPES_H 1
| #define HAVE_SYS_STAT_H 1
| #define HAVE_STDLIB_H 1
| #define HAVE_STRING_H 1
| #define HAVE_MEMORY_H 1
| #define HAVE_STRINGS_H 1
| #define HAVE_INTTYPES_H 1
| #define HAVE_STDINT_H 1
| #define HAVE_UNISTD_H 1
| /* end confdefs.h.  */
| #ifndef __APPLE_CC__
| 	       not a universal capable compiler
| 	     #endif
| 	     typedef int dummy;
| 
configure:4443: gcc -c -g -O2  conftest.c >&5
configure:4443: $? = 0
configure:4461: gcc -c -g -O2  conftest.c >&5
conftest.c: In function 'main':
conftest.c:26:4: error: unknown type name 'not'
    not big endian
    ^
conftest.c:26:12: error: expected '=', ',', ';', 'asm' or '__attribute__' before 'endian'
    not big endian
            ^
configure:4461: $? = 1
configure: failed program was:
| /* confdefs.h */
| #define PACKAGE_NAME "RFClient"
| #define PACKAGE_TARNAME "rfclient"
| #define PACKAGE_VERSION "0.1 (9d156f8)"
| #define PACKAGE_STRING "RFClient 0.1 (9d156f8)"
| #define PACKAGE_BUGREPORT "routeflow-discuss@googlegroups.com"
| #define PACKAGE_URL "http://routeflow.github.io/RouteFlow/"
| #define STDC_HEADERS 1
| #define HAVE_SYS_TYPES_H 1
| #define HAVE_SYS_STAT_H 1
| #define HAVE_STDLIB_H 1
| #define HAVE_STRING_H 1
| #define HAVE_MEMORY_H 1
| #define HAVE_STRINGS_H 1
| #define HAVE_INTTYPES_H 1
| #define HAVE_STDINT_H 1
| #define HAVE_UNISTD_H 1
| /* end confdefs.h.  */
| #include <sys/types.h>
| 		#include <sys/param.h>
| 
| int
| main ()
| {
| #if BYTE_ORDER != BIG_ENDIAN
| 		 not big endian
| 		#endif
| 
|   ;
|   return 0;
| }
configure:4589: result: no
configure:4607: checking for size_t
configure:4607: gcc -c -g -O2  conftest.c >&5
configure:4607: $? = 0
configure:4607: gcc -c -g -O2  conftest.c >&5
conftest.c: In function 'main':
conftest.c:55:21: error: expected expression before ')' token
 if (sizeof ((size_t)))
                     ^
configure:4607: $? = 1
configure: failed program was:
| /* confdefs.h */
| #define PACKAGE_NAME "RFClient"
| #define PACKAGE_TARNAME "rfclient"
| #define PACKAGE_VERSION "0.1 (9d156f8)"
| #define PACKAGE_STRING "RFClient 0.1 (9d156f8)"
| #define PACKAGE_BUGREPORT "routeflow-discuss@googlegroups.com"
| #define PACKAGE_URL "http://routeflow.github.io/RouteFlow/"
| #define STDC_HEADERS 1
| #define HAVE_SYS_TYPES_H 1
| #define HAVE_SYS_STAT_H 1
| #define HAVE_STDLIB_H 1
| #define HAVE_STRING_H 1
| #define HAVE_MEMORY_H 1
| #define HAVE_STRINGS_H 1
| #define HAVE_INTTYPES_H 1
| #define HAVE_STDINT_H 1
| #define HAVE_UNISTD_H 1
| /* end confdefs.h.  */
| #include <stdio.h>
| #ifdef HAVE_SYS_TYPES_H
| # include <sys/types.h>
| #endif
| #ifdef HAVE_SYS_STAT_H
| # include <sys/stat.h>
| #endif
| #ifdef STDC_HEADERS
| # include <stdlib.h>
| # include <stddef.h>
| #else
| # ifdef HAVE_STDLIB_H
| #  include <stdlib.h>
| # endif
| #endif
| #ifdef HAVE_STRING_H
| # if !defined STDC_HEADERS && defined HAVE_MEMORY_H
| #  include <memory.h>
| # endif
| # include <string.h>
| #endif
| #ifdef HAVE_STRINGS_H
| # include <strings.h>
| #endif
| #ifdef HAVE_INTTYPES_H
| # include <inttypes.h>
| #endif
| #ifdef HAVE_STDINT_H
| # include <stdint.h>
| #endif
| #ifdef HAVE_UNISTD_H
| # include <unistd.h>
| #endif
| int
| main ()
| {
| if (sizeof ((size_t)))
| 	    return 0;
|   ;
|   return 0;
| }
configure:4607: result: yes
configure:4626: checking for ANSI C header files
configure:4730: result: yes
configure:4755: checking for a BSD-compatible install
configure:4823: result: /usr/bin/install -c
configure:4834: checking whether build environment is sane
configure:4889: result: yes
configure:5037: checking for a thread-safe mkdir -p
configure:5076: result: /bin/mkdir -p
configure:5083: checking for gawk
configure:5113: result: no
configure:5083: checking for mawk
configure:5099: found /usr/bin/mawk
configure:5110: result: mawk
configure:5121: checking whether make sets $(MAKE)
configure:5143: result: yes
configure:5173: checking for style of include used by make
configure:5201: result: GNU
configure:5235: checking whether make supports nested variables
configure:5252: result: yes
configure:5337: checking dependency style of gcc
configure:5448: result: gcc3
configure:5465: checking dependency style of g++
configure:5576: result: gcc3
configure:5636: checking boost/scoped_array.hpp usability
configure:5636: g++ -c -g -O2  conftest.cpp >&5
configure:5636: $? = 0
configure:5636: result: yes
configure:5636: checking boost/scoped_array.hpp presence
configure:5636: g++ -E  conftest.cpp
configure:5636: $? = 0
configure:5636: result: yes
configure:5636: checking for boost/scoped_array.hpp
configure:5636: result: yes
configure:5650: checking boost/thread.hpp usability
configure:5650: g++ -c -g -O2  conftest.cpp >&5
configure:5650: $? = 0
configure:5650: result: yes
configure:5650: checking boost/thread.hpp presence
configure:5650: g++ -E  conftest.cpp
configure:5650: $? = 0
configure:5650: result: yes
configure:5650: checking for boost/thread.hpp
configure:5650: result: yes
configure:5719: checking for pkg-config
configure:5737: found /usr/bin/pkg-config
configure:5749: result: /usr/bin/pkg-config
configure:5774: checking pkg-config is at least version 0.9.0
configure:5777: result: yes
configure:5787: checking for LIBNL3
configure:5794: $PKG_CONFIG --exists --print-errors "libnl-route-3.0 >= 3.1"
configure:5797: $? = 0
configure:5811: $PKG_CONFIG --exists --print-errors "libnl-route-3.0 >= 3.1"
configure:5814: $? = 0
configure:5852: result: yes
configure:5910: checking mongo/bson/bson.h usability
configure:5910: g++ -c -g -O2  -I/usr/include/libnl3   conftest.cpp >&5
configure:5910: $? = 0
configure:5910: result: yes
configure:5910: checking mongo/bson/bson.h presence
configure:5910: g++ -E  -I/usr/include/libnl3   conftest.cpp
configure:5910: $? = 0
configure:5910: result: yes
configure:5910: checking for mongo/bson/bson.h
configure:5910: result: yes
configure:5931: checking mongo/client/dbclient.h usability
configure:5931: g++ -c -g -O2  -I/usr/include/libnl3   conftest.cpp >&5
configure:5931: $? = 0
configure:5931: result: yes
configure:5931: checking mongo/client/dbclient.h presence
configure:5931: g++ -E  -I/usr/include/libnl3   conftest.cpp
configure:5931: $? = 0
configure:5931: result: yes
configure:5931: checking for mongo/client/dbclient.h
configure:5931: result: yes
configure:5963: Linking against libmongoclient. Code may be AGPL-tainted.
configure:6000: checking whether make supports nested variables
configure:6017: result: yes
configure:6176: checking that generated files are newer than configure
configure:6182: result: done
configure:6221: creating ./config.status

## ---------------------- ##
## Running config.status. ##
## ---------------------- ##

This file was extended by RFClient config.status 0.1 (9d156f8), which was
generated by GNU Autoconf 2.69.  Invocation command line was

  CONFIG_FILES    = 
  CONFIG_HEADERS  = 
  CONFIG_LINKS    = 
  CONFIG_COMMANDS = 
  $ ./config.status --quiet

on yannb-vm-frr

config.status:811: creating Makefile
config.status:811: creating rfclient/Makefile
config.status:811: creating rflib/Makefile
config.status:811: creating rflib/ipc/Makefile
config.status:811: creating rflib/types/Makefile
config.status:1014: executing depfiles commands

## ---------------- ##
## Cache variables. ##
## ---------------- ##

ac_cv_c_bigendian=no
ac_cv_c_compiler_gnu=yes
ac_cv_cxx_compiler_gnu=yes
ac_cv_env_CCC_set=
ac_cv_env_CCC_value=
ac_cv_env_CC_set=
ac_cv_env_CC_value=
ac_cv_env_CFLAGS_set=
ac_cv_env_CFLAGS_value=
ac_cv_env_CPPFLAGS_set=
ac_cv_env_CPPFLAGS_value=
ac_cv_env_CPP_set=
ac_cv_env_CPP_value=
ac_cv_env_CXXCPP_set=
ac_cv_env_CXXCPP_value=
ac_cv_env_CXXFLAGS_set=
ac_cv_env_CXXFLAGS_value=
ac_cv_env_CXX_set=
ac_cv_env_CXX_value=
ac_cv_env_LDFLAGS_set=
ac_cv_env_LDFLAGS_value=
ac_cv_env_LIBNL3_CFLAGS_set=
ac_cv_env_LIBNL3_CFLAGS_value=
ac_cv_env_LIBNL3_LIBS_set=
ac_cv_env_LIBNL3_LIBS_value=
ac_cv_env_LIBS_set=
ac_cv_env_LIBS_value=
ac_cv_env_PKG_CONFIG_LIBDIR_set=
ac_cv_env_PKG_CONFIG_LIBDIR_value=
ac_cv_env_PKG_CONFIG_PATH_set=
ac_cv_env_PKG_CONFIG_PATH_value=
ac_cv_env_PKG_CONFIG_set=
ac_cv_env_PKG_CONFIG_value=
ac_cv_env_build_alias_set=
ac_cv_env_build_alias_value=
ac_cv_env_host_alias_set=
ac_cv_env_host_alias_value=
ac_cv_env_target_alias_set=
ac_cv_env_target_alias_value=
ac_cv_header_boost_scoped_array_hpp=yes
ac_cv_header_boost_thread_hpp=yes
ac_cv_header_inttypes_h=yes
ac_cv_header_memory_h=yes
ac_cv_header_mongo_bson_bson_h=yes
ac_cv_header_mongo_client_dbclient_h=yes
ac_cv_header_stdc=yes
ac_cv_header_stdint_h=yes
ac_cv_header_stdlib_h=yes
ac_cv_header_string_h=yes
ac_cv_header_strings_h=yes
ac_cv_header_sys_stat_h=yes
ac_cv_header_sys_types_h=yes
ac_cv_header_unistd_h=yes
ac_cv_objext=o
ac_cv_path_EGREP='/bin/grep -E'
ac_cv_path_GREP=/bin/grep
ac_cv_path_ac_pt_PKG_CONFIG=/usr/bin/pkg-config
ac_cv_path_install='/usr/bin/install -c'
ac_cv_path_mkdir=/bin/mkdir
ac_cv_prog_AWK=mawk
ac_cv_prog_CPP='gcc -E'
ac_cv_prog_CXXCPP='g++ -E'
ac_cv_prog_ac_ct_CC=gcc
ac_cv_prog_ac_ct_CXX=g++
ac_cv_prog_ac_ct_RANLIB=ranlib
ac_cv_prog_cc_c89=
ac_cv_prog_cc_g=yes
ac_cv_prog_cc_gcc_c_o=yes
ac_cv_prog_cxx_g=yes
ac_cv_prog_make_make_set=yes
ac_cv_type_size_t=yes
am_cv_CC_dependencies_compiler_type=gcc3
am_cv_CXX_dependencies_compiler_type=gcc3
am_cv_make_support_nested_variables=yes
am_cv_prog_cc_c_o=yes
pkg_cv_LIBNL3_CFLAGS='-I/usr/include/libnl3  '
pkg_cv_LIBNL3_LIBS='-lnl-route-3 -lnl-3  '

## ----------------- ##
## Output variables. ##
## ----------------- ##

ACLOCAL='${SHELL} /home/yannb/RouteFlow/config/missing aclocal-1.14'
AMDEPBACKSLASH='\'
AMDEP_FALSE='#'
AMDEP_TRUE=''
AMTAR='$${TAR-tar}'
AM_BACKSLASH='\'
AM_CXXFLAGS=''
AM_DEFAULT_V='$(AM_DEFAULT_VERBOSITY)'
AM_DEFAULT_VERBOSITY='0'
AM_LDFLAGS=''
AM_V='$(V)'
AUTOCONF='${SHELL} /home/yannb/RouteFlow/config/missing autoconf'
AUTOHEADER='${SHELL} /home/yannb/RouteFlow/config/missing autoheader'
AUTOMAKE='${SHELL} /home/yannb/RouteFlow/config/missing automake-1.14'
AWK='mawk'
CC='gcc'
CCDEPMODE='depmode=gcc3'
CFLAGS='-g -O2'
CPP='gcc -E'
CPPFLAGS=' -I/usr/include/libnl3  '
CXX='g++'
CXXCPP='g++ -E'
CXXDEPMODE='depmode=gcc3'
CXXFLAGS='-g -O2'
CYGPATH_W='echo'
DEFS='-DPACKAGE_NAME=\"RFClient\" -DPACKAGE_TARNAME=\"rfclient\" -DPACKAGE_VERSION=\"0.1\ \(9d156f8\)\" -DPACKAGE_STRING=\"RFClient\ 0.1\ \(9d156f8\)\" -DPACKAGE_BUGREPORT=\"routeflow-discuss@googlegroups.com\" -DPACKAGE_URL=\"http://routeflow.github.io/RouteFlow/\" -DSTDC_HEADERS=1 -DHAVE_SYS_TYPES_H=1 -DHAVE_SYS_STAT_H=1 -DHAVE_STDLIB_H=1 -DHAVE_STRING_H=1 -DHAVE_MEMORY_H=1 -DHAVE_STRINGS_H=1 -DHAVE_INTTYPES_H=1 -DHAVE_STDINT_H=1 -DHAVE_UNISTD_H=1 -DSTDC_HEADERS=1 -DPACKAGE=\"rfclient\" -DVERSION=\"0.1\ \(9d156f8\)\" -DHAVE_BOOST_SCOPED_ARRAY_HPP=1 -DHAVE_BOOST_THREAD_HPP=1 -DHAVE_MONGO_BSON_BSON_H=1 -DHAVE_MONGO_CLIENT_DBCLIENT_H=1'
DEPDIR='.deps'
ECHO_C=''
ECHO_N='-n'
ECHO_T=''
EGREP='/bin/grep -E'
EXEEXT=''
GREP='/bin/grep'
INSTALL_DATA='${INSTALL} -m 644'
INSTALL_PROGRAM='${INSTALL}'
INSTALL_SCRIPT='${INSTALL}'
INSTALL_STRIP_PROGRAM='$(install_sh) -c -s'
LDFLAGS=''
LIBNL3_CFLAGS='-I/usr/include/libnl3  '
LIBNL3_LIBS='-lnl-route-3 -lnl-3  '
LIBOBJS=''
LIBS='-lboost_thread -lboost_system -lboost_filesystem -lboost_program_options -lnl-route-3 -lnl-3  '
LOCAL_BSON_FALSE=''
LOCAL_BSON_TRUE='#'
LTLIBOBJS=''
MAKEINFO='${SHELL} /home/yannb/RouteFlow/config/missing makeinfo'
MKDIR_P='/bin/mkdir -p'
OBJEXT='o'
PACKAGE='rfclient'
PACKAGE_BUGREPORT='routeflow-discuss@googlegroups.com'
PACKAGE_NAME='RFClient'
PACKAGE_STRING='RFClient 0.1 (9d156f8)'
PACKAGE_TARNAME='rfclient'
PACKAGE_URL='http://routeflow.github.io/RouteFlow/'
PACKAGE_VERSION='0.1 (9d156f8)'
PATH_SEPARATOR=':'
PKG_CONFIG='/usr/bin/pkg-config'
PKG_CONFIG_LIBDIR=''
PKG_CONFIG_PATH=''
RANLIB='ranlib'
SET_MAKE=''
SHELL='/bin/bash'
STRIP=''
USE_MONGO_FALSE='#'
USE_MONGO_TRUE=''
USE_ZEROMQ_FALSE=''
USE_ZEROMQ_TRUE='#'
VERSION='0.1 (9d156f8)'
ac_ct_CC='gcc'
ac_ct_CXX='g++'
am__EXEEXT_FALSE=''
am__EXEEXT_TRUE='#'
am__fastdepCC_FALSE='#'
am__fastdepCC_TRUE=''
am__fastdepCXX_FALSE='#'
am__fastdepCXX_TRUE=''
am__include='include'
am__isrc=''
am__leading_dot='.'
am__nodep='_no'
am__quote=''
am__tar='$${TAR-tar} chof - "$$tardir"'
am__untar='$${TAR-tar} xf -'
bindir='${exec_prefix}/bin'
build_alias=''
datadir='${datarootdir}'
datarootdir='${prefix}/share'
docdir='${datarootdir}/doc/${PACKAGE_TARNAME}'
dvidir='${docdir}'
exec_prefix='${prefix}'
host_alias=''
htmldir='${docdir}'
includedir='${prefix}/include'
infodir='${datarootdir}/info'
install_sh='${SHELL} /home/yannb/RouteFlow/config/install-sh'
libdir='${exec_prefix}/lib'
libexecdir='${exec_prefix}/libexec'
localedir='${datarootdir}/locale'
localstatedir='${prefix}/var'
mandir='${datarootdir}/man'
mkdir_p='$(MKDIR_P)'
oldincludedir='/usr/include'
pdfdir='${docdir}'
prefix='/usr/local'
program_transform_name='s,x,x,'
psdir='${docdir}'
sbindir='${exec_prefix}/sbin'
sharedstatedir='${prefix}/com'
sysconfdir='${prefix}/etc'
target_alias=''

## ----------- ##
## confdefs.h. ##
## ----------- ##

/* confdefs.h */
#define PACKAGE_NAME "RFClient"
#define PACKAGE_TARNAME "rfclient"
#define PACKAGE_VERSION "0.1 (9d156f8)"
#define PACKAGE_STRING "RFClient 0.1 (9d156f8)"
#define PACKAGE_BUGREPORT "routeflow-discuss@googlegroups.com"
#define PACKAGE_URL "http://routeflow.github.io/RouteFlow/"
#define STDC_HEADERS 1
#define HAVE_SYS_TYPES_H 1
#define HAVE_SYS_STAT_H 1
#define HAVE_STDLIB_H 1
#define HAVE_STRING_H 1
#define HAVE_MEMORY_H 1
#define HAVE_STRINGS_H 1
#define HAVE_INTTYPES_H 1
#define HAVE_STDINT_H 1
#define HAVE_UNISTD_H 1
#define STDC_HEADERS 1
#define PACKAGE "rfclient"
#define VERSION "0.1 (9d156f8)"
#define HAVE_BOOST_SCOPED_ARRAY_HPP 1
#define HAVE_BOOST_THREAD_HPP 1
#define HAVE_MONGO_BSON_BSON_H 1
#define HAVE_MONGO_CLIENT_DBCLIENT_H 1

configure: exit 0
